<?xml version="1.0" encoding="UTF-8"?>
<testng-results skipped="0" failed="0" total="1" passed="1">
  <reporter-output>
  </reporter-output>
  <suite name="Command line suite" duration-ms="31" started-at="2018-06-03T18:54:32Z" finished-at="2018-06-03T18:54:32Z">
    <groups>
    </groups>
    <test name="Command line test" duration-ms="31" started-at="2018-06-03T18:54:32Z" finished-at="2018-06-03T18:54:32Z">
      <class name="ultimateqa.AppTest">
        <test-method status="PASS" signature="testApp()[pri:0, instance:testApp(ultimateqa.AppTest)]" name="testApp" duration-ms="5" started-at="2018-06-04T00:24:32Z" finished-at="2018-06-04T00:24:32Z">
          <reporter-output>
          </reporter-output>
        </test-method> <!-- testApp -->
      </class> <!-- ultimateqa.AppTest -->
    </test> <!-- Command line test -->
  </suite> <!-- Command line suite -->
</testng-results>
