<?xml version="1.0" encoding="UTF-8"?>
<!-- Generated by org.testng.reporters.JUnitXMLReporter -->
<testsuite hostname="BOB" ignored="0" name="Default test" tests="3" failures="0" timestamp="10 Jun 2018 09:01:15 GMT" time="41.929" errors="0">
  <testcase name="checkLoginPageTitle" time="0.093" classname="com.crm.qa.testcases.LoginPageTest"/>
  <testcase name="checkCRMLogo" time="0.175" classname="com.crm.qa.testcases.LoginPageTest"/>
  <testcase name="checkLogin" time="1.935" classname="com.crm.qa.testcases.LoginPageTest"/>
</testsuite> <!-- Default test -->
