<?xml version="1.0" encoding="UTF-8"?>
<testng-results skipped="0" failed="0" total="2" passed="2">
  <reporter-output>
  </reporter-output>
  <suite name="Command line suite" duration-ms="23504" started-at="2018-06-03T18:54:08Z" finished-at="2018-06-03T18:54:31Z">
    <groups>
    </groups>
    <test name="Command line test" duration-ms="23504" started-at="2018-06-03T18:54:08Z" finished-at="2018-06-03T18:54:31Z">
      <class name="ultimateqa.ButtonClickTest">
        <test-method status="PASS" signature="clickOnButton1()[pri:0, instance:ultimateqa.ButtonClickTest@566776ad]" name="clickOnButton1" duration-ms="20649" started-at="2018-06-04T00:24:08Z" finished-at="2018-06-04T00:24:28Z">
          <reporter-output>
          </reporter-output>
        </test-method> <!-- clickOnButton1 -->
        <test-method status="PASS" signature="clickOnButton2()[pri:0, instance:ultimateqa.ButtonClickTest@566776ad]" name="clickOnButton2" duration-ms="2831" started-at="2018-06-04T00:24:28Z" depends-on-methods="ultimateqa.ButtonClickTest.clickOnButton1" finished-at="2018-06-04T00:24:31Z">
          <reporter-output>
          </reporter-output>
        </test-method> <!-- clickOnButton2 -->
      </class> <!-- ultimateqa.ButtonClickTest -->
    </test> <!-- Command line test -->
  </suite> <!-- Command line suite -->
</testng-results>
