<?xml version="1.0" encoding="UTF-8"?>
<testng-results skipped="0" failed="0" ignored="0" total="3" passed="3">
  <reporter-output>
  </reporter-output>
  <suite name="Default suite" duration-ms="41929" started-at="2018-06-10T09:00:33Z" finished-at="2018-06-10T09:01:14Z">
    <groups>
    </groups>
    <test name="Default test" duration-ms="41929" started-at="2018-06-10T09:00:33Z" finished-at="2018-06-10T09:01:14Z">
      <class name="com.crm.qa.testcases.LoginPageTest">
        <test-method status="PASS" signature="setup()[pri:0, instance:com.crm.qa.testcases.LoginPageTest@598067a5]" name="setup" is-config="true" duration-ms="14667" started-at="2018-06-10T09:00:33Z" finished-at="2018-06-10T09:00:47Z">
          <reporter-output>
          </reporter-output>
        </test-method> <!-- setup -->
        <test-method status="PASS" signature="checkLoginPageTitle()[pri:1, instance:com.crm.qa.testcases.LoginPageTest@598067a5]" name="checkLoginPageTitle" duration-ms="93" started-at="2018-06-10T09:00:47Z" finished-at="2018-06-10T09:00:47Z">
          <reporter-output>
          </reporter-output>
        </test-method> <!-- checkLoginPageTitle -->
        <test-method status="PASS" signature="quitBrowser()[pri:0, instance:com.crm.qa.testcases.LoginPageTest@598067a5]" name="quitBrowser" is-config="true" duration-ms="1577" started-at="2018-06-10T09:00:47Z" finished-at="2018-06-10T09:00:49Z">
          <reporter-output>
          </reporter-output>
        </test-method> <!-- quitBrowser -->
        <test-method status="PASS" signature="setup()[pri:0, instance:com.crm.qa.testcases.LoginPageTest@598067a5]" name="setup" is-config="true" duration-ms="10074" started-at="2018-06-10T09:00:49Z" finished-at="2018-06-10T09:00:59Z">
          <reporter-output>
          </reporter-output>
        </test-method> <!-- setup -->
        <test-method status="PASS" signature="checkCRMLogo()[pri:2, instance:com.crm.qa.testcases.LoginPageTest@598067a5]" name="checkCRMLogo" duration-ms="175" started-at="2018-06-10T09:00:59Z" finished-at="2018-06-10T09:00:59Z">
          <reporter-output>
          </reporter-output>
        </test-method> <!-- checkCRMLogo -->
        <test-method status="PASS" signature="quitBrowser()[pri:0, instance:com.crm.qa.testcases.LoginPageTest@598067a5]" name="quitBrowser" is-config="true" duration-ms="1098" started-at="2018-06-10T09:00:59Z" finished-at="2018-06-10T09:01:00Z">
          <reporter-output>
          </reporter-output>
        </test-method> <!-- quitBrowser -->
        <test-method status="PASS" signature="setup()[pri:0, instance:com.crm.qa.testcases.LoginPageTest@598067a5]" name="setup" is-config="true" duration-ms="10880" started-at="2018-06-10T09:01:00Z" finished-at="2018-06-10T09:01:11Z">
          <reporter-output>
          </reporter-output>
        </test-method> <!-- setup -->
        <test-method status="PASS" signature="checkLogin()[pri:3, instance:com.crm.qa.testcases.LoginPageTest@598067a5]" name="checkLogin" duration-ms="1935" started-at="2018-06-10T09:01:11Z" finished-at="2018-06-10T09:01:13Z">
          <reporter-output>
          </reporter-output>
        </test-method> <!-- checkLogin -->
        <test-method status="PASS" signature="quitBrowser()[pri:0, instance:com.crm.qa.testcases.LoginPageTest@598067a5]" name="quitBrowser" is-config="true" duration-ms="1366" started-at="2018-06-10T09:01:13Z" finished-at="2018-06-10T09:01:14Z">
          <reporter-output>
          </reporter-output>
        </test-method> <!-- quitBrowser -->
      </class> <!-- com.crm.qa.testcases.LoginPageTest -->
    </test> <!-- Default test -->
  </suite> <!-- Default suite -->
</testng-results>
